<?xml version="1.0" encoding="UTF-8"?>
<associationstore xmlns="http://ase4j.googlecode.com/schema"
	xmlns:xsi="http://www.w3.org/2001/XMLSchema-instance"
	xsi:schemaLocation="http://ase4j.googlecode.com/schema ../../../main/resources/associationstore.xsd ">

	<objects>
		<store id="test">
			<class name="org.ogreg.ase4j.TestData">
				<id name="url">
					<index type="trie">
						<parameter key="dictionary" value="URL" />
					</index>
				</id>

				<property name="created" />
				<property name="length" />
			</class>
		</store>
		<store id="string">
			<class name="java.lang.String" />
			<type type="org.ogreg.ostore.memory.StringStore" />
		</store>
	</objects>

	<associations>
		<store id="test" fromStore="string" toStore="test" />
		<group id="testGroup" fromStore="string" toStore="test" />
	</associations>
</associationstore>