<?xml version="1.0" encoding="UTF-8"?>
<objectstore xmlns="http://ase4j.googlecode.com/schema"
	xmlns:xsi="http://www.w3.org/2001/XMLSchema-instance"
	xsi:schemaLocation="http://ase4j.googlecode.com/schema ../../../main/resources/objectstore.xsd">

	<!-- Object mapping for FileObjectStoreImplTest -->
	<store id="test">
		<class name="org.ogreg.ostore.file.FileObjectStoreImplTest$TestData">
			<id name="url">
				<index type="trie">
					<parameter key="dictionary" value="URL" />
				</index>
			</id>

			<property name="id" />
			<property name="added" />

			<extension name="extensions" />
		</class>
	</store>

	<!-- Object mapping for error testing -->
	<store id="error">
		<class name="java.lang.Object" />
	</store>

	<!-- Object mapping for AssociationStoreImplTest -->
	<store id="testAssocs">
		<class name="org.ogreg.ase4j.TestData">
			<id name="url">
				<index type="trie">
					<parameter key="dictionary" value="URL" />
				</index>
			</id>

			<property name="created" />
			<property name="length" />
		</class>
	</store>
</objectstore>
