<?xml version="1.0" encoding="UTF-8"?>
<storage xmlns="http://ase4j.googlecode.com/schema/objectstore.xsd"
	xmlns:xsi="http://www.w3.org/2001/XMLSchema-instance"
	xsi:schemaLocation="http://ase4j.googlecode.com/schema/objectstore.xsd ../../../main/resources/objectstore.xsd">

	<class name="org.ogreg.ostore.ObjectStoreImplBenchmark$TestData">
		<id name="url">
			<index type="trie">
				<parameter key="dictionary" value="URL" />
			</index>
		</id>

		<property name="created" />
		<property name="contents" />
	</class>
</storage>
